<AssetPackage Name="test-test" Version="0.1.0">
	<ItemSettings>
		<ContentType>SCENERY</ContentType>
		<Title>test</Title>
		<Manufacturer>test</Manufacturer>
		<Creator>test</Creator>
	</ItemSettings>
	<Flags>
		<VisibleInStore>false</VisibleInStore>
		<CanBeReferenced>false</CanBeReferenced>
	</Flags>
	<AssetGroups>
		<AssetGroup Name="ContentInfo">
			<Type>ContentInfo</Type>
			<Flags>
				<FSXCompatibility>false</FSXCompatibility>
			</Flags>
			<AssetDir>PackageDefinitions\test-test\ContentInfo</AssetDir>
			<OutputDir>ContentInfo\test-test\</OutputDir>
		</AssetGroup>
		<AssetGroup Name="test">
			<Type>BGL</Type>
			<Flags>
				<FSXCompatibility>false</FSXCompatibility>
			</Flags>
			<AssetDir>source\</AssetDir>
			<OutputDir>scenery\</OutputDir>
		</AssetGroup>
	</AssetGroups>
</AssetPackage>

